<?xml version="1.0" encoding="UTF-8"?>
<testsuite xmlns:xsi="http://www.w3.org/2001/XMLSchema-instance" xsi:noNamespaceSchemaLocation="https://maven.apache.org/surefire/maven-surefire-plugin/xsd/surefire-test-report.xsd" name="com.bolat.util.StringUtil_GetRandomText_TestCase" time="0.036" tests="9" errors="0" skipped="0" failures="0">
  <properties>
[...]
</properties>
  <testcase name="test_getRandomText[0]" classname="com.bolat.util.StringUtil_GetRandomText_TestCase" time="0.003"/>
  <testcase name="test_getRandomText[1]" classname="com.bolat.util.StringUtil_GetRandomText_TestCase" time="0"/>
  <testcase name="test_getRandomText[2]" classname="com.bolat.util.StringUtil_GetRandomText_TestCase" time="0"/>
  <testcase name="test_getRandomText[3]" classname="com.bolat.util.StringUtil_GetRandomText_TestCase" time="0"/>
  <testcase name="test_getRandomText[4]" classname="com.bolat.util.StringUtil_GetRandomText_TestCase" time="0"/>
  <testcase name="test_getRandomText[5]" classname="com.bolat.util.StringUtil_GetRandomText_TestCase" time="0.001"/>
  <testcase name="test_getRandomText[6]" classname="com.bolat.util.StringUtil_GetRandomText_TestCase" time="0"/>
  <testcase name="test_getRandomText[7]" classname="com.bolat.util.StringUtil_GetRandomText_TestCase" time="0"/>
  <testcase name="test_getRandomText[8]" classname="com.bolat.util.StringUtil_GetRandomText_TestCase" time="0.001"/>
</testsuite>